Arguments: 
  C:\Program Files\nodejs\node.exe C:\Users\pawan\AppData\Roaming\npm\node_modules\yarn\bin\yarn.js add tyorm

PATH: 
  C:\WINDOWS\system32;C:\WINDOWS;C:\WINDOWS\System32\Wbem;C:\WINDOWS\System32\WindowsPowerShell\v1.0\;C:\WINDOWS\System32\OpenSSH\;C:\Program Files\nodejs\;C:\Program Files\Git\cmd;C:\Users\pawan\AppData\Local\Microsoft\WindowsApps;C:\Users\pawan\AppData\Local\Programs\Microsoft VS Code\bin;C:\Users\pawan\AppData\Roaming\npm;C:\Users\pawan\AppData\Roaming\npm;

Yarn version: 
  1.22.19

Node version: 
  18.12.0

Platform: 
  win32 x64

Trace: 
  Error: https://registry.yarnpkg.com/tyorm: Not found
      at params.callback [as _callback] (C:\Users\pawan\AppData\Roaming\npm\node_modules\yarn\lib\cli.js:66145:18)
      at self.callback (C:\Users\pawan\AppData\Roaming\npm\node_modules\yarn\lib\cli.js:140890:22)
      at Request.emit (node:events:513:28)
      at Request.<anonymous> (C:\Users\pawan\AppData\Roaming\npm\node_modules\yarn\lib\cli.js:141862:10)
      at Request.emit (node:events:513:28)
      at IncomingMessage.<anonymous> (C:\Users\pawan\AppData\Roaming\npm\node_modules\yarn\lib\cli.js:141784:12)
      at Object.onceWrapper (node:events:627:28)
      at IncomingMessage.emit (node:events:525:35)
      at endReadableNT (node:internal/streams/readable:1359:12)
      at process.processTicksAndRejections (node:internal/process/task_queues:82:21)

npm manifest: 
  {
    "name": "tiles",
    "version": "1.0.0",
    "main": "index.js",
    "author": "mihir",
    "license": "MIT",
    "dependencies": {
      "typescript": "^4.9.3"
    }
  }

yarn manifest: 
  No manifest

Lockfile: 
  # THIS IS AN AUTOGENERATED FILE. DO NOT EDIT THIS FILE DIRECTLY.
  # yarn lockfile v1
  
  
  typescript@^4.9.3:
    version "4.9.3"
    resolved "https://registry.yarnpkg.com/typescript/-/typescript-4.9.3.tgz#3aea307c1746b8c384435d8ac36b8a2e580d85db"
    integrity sha512-CIfGzTelbKNEnLpLdGFgdyKhG23CKdKgQPOBc+OUNrkJ2vr+KSzsSV5kq5iWhEQbok+quxgGzrAtGWCyU7tHnA==
